2020-02-24T19:28:45.187Z [info]: Application running on http://localhost:8080
2020-02-24T19:30:42.616Z [info]: Application running on http://localhost:8080
2020-02-24T19:31:52.553Z [info]: Application running on http://localhost:8080
2020-02-24T19:35:21.075Z [info]: Application running on http://localhost:8080
2020-02-24T19:35:35.167Z [info]: 'select' method execute 0.850284 ms
2020-02-24T19:37:51.459Z [info]: 'select' method execute 0.32908 ms
2020-02-24T19:39:33.006Z [info]: 'getUsers' method execute 0.619992 ms
2020-02-24T19:40:31.476Z [info]: 'getUsers' method execute 0.188275 ms
2020-02-24T19:42:26.076Z [info]: Application running on http://localhost:8080
2020-02-24T19:42:44.811Z [info]: 'getUsers' method execute 0.838418 ms
2020-02-24T19:43:43.766Z [info]: 'getUsers' method execute 0.185389 ms
2020-02-24T19:44:41.803Z [info]: Application running on http://localhost:8080
2020-02-24T19:44:48.265Z [info]: 'getUsers' method execute 0.737063 ms
2020-02-24T19:45:53.736Z [info]: 'getUsers' method execute 0.26846 ms
2020-02-24T19:46:43.071Z [info]: Application running on http://localhost:8080
2020-02-24T19:46:45.652Z [info]: 'getUsers' method execute 0.55424 ms
2020-02-24T19:47:37.951Z [info]: Application running on http://localhost:8080
2020-02-24T19:47:45.197Z [info]: 'getUsers' method execute 0.564504 ms
2020-02-24T19:48:20.694Z [info]: 'getUsers' method execute 0.14722 ms
2020-02-24T19:49:01.065Z [error]: Method is not allowed
2020-02-24T19:49:01.065Z [error]: Method is not allowed
2020-02-24T19:50:34.176Z [info]: Application running on http://localhost:8080
2020-02-24T19:50:44.518Z [error]: Method is not allowed
2020-02-24T19:50:44.518Z [error]: Method is not allowed
2020-02-24T19:51:44.372Z [info]: aaaaaaaaaaaaaaaaaaaaaaaaaaaaaaaaaaaaaaaaaaaaaaaaaaa
2020-02-24T19:51:44.373Z [info]: [object Object]
2020-02-24T19:51:44.374Z [info]: 'addUsersToGroup' method execute 0.680292 ms
2020-02-24T19:52:22.751Z [info]: Application running on http://localhost:8080
2020-02-25T07:40:11.281Z [info]: Application running on http://localhost:8080
2020-02-25T07:40:27.494Z [info]: 'getById' method execute 415.500599 ms
2020-02-25T07:42:06.051Z [info]: Application running on http://localhost:8080
2020-02-25T07:43:12.618Z [info]: 'getById' method execute 63521.9808 ms
2020-02-26T13:37:39.179Z [info]: Application running on http://localhost:8080
2020-02-26T13:38:18.537Z [info]: 'get' method execute 461.982501 ms
2020-02-26T13:38:21.927Z [info]: 'get' method execute 72.5941 ms
2020-02-26T13:38:31.093Z [error]: Invalid Request
2020-02-26T13:38:31.093Z [error]: Invalid Request
2020-02-26T13:40:21.395Z [info]: Application running on http://localhost:8080
2020-02-26T13:40:26.186Z [error]: Invalid Request
2020-02-26T13:41:41.087Z [info]: Application running on http://localhost:8080
2020-02-26T13:42:53.922Z [info]: Application running on http://localhost:8080
2020-02-26T13:43:43.748Z [info]: Application running on http://localhost:8080
2020-02-26T13:44:39.407Z [info]: Application running on http://localhost:8080
2020-02-26T13:44:41.026Z [error]: Invalid Request
2020-02-26T13:44:53.415Z [error]: invalid input syntax for uuid: "1"
2020-02-26T13:45:50.470Z [info]: Application running on http://localhost:8080
2020-02-26T13:45:52.218Z [error]: invalid input syntax for uuid: "1"
2020-02-26T13:48:22.592Z [info]: Application running on http://localhost:8080
2020-02-26T13:48:26.533Z [error]: invalid input syntax for uuid: "1"
2020-02-26T13:48:33.557Z [error]: Invalid Request
2020-02-26T13:49:06.256Z [info]: Application running on http://localhost:8080
2020-02-26T13:50:01.513Z [info]: Application running on http://localhost:8080
2020-02-26T13:50:33.902Z [info]: 'get' method execute 462.774599 ms
2020-02-26T13:50:46.362Z [info]: 'getUsers' method execute 906.3946 ms
2020-02-26T13:50:53.707Z [error]: getUsers(b889f6ee-f86e-464a-867d-75cbed50dc98) - Group not found
2020-02-26T13:55:39.005Z [info]: Application running on http://localhost:8080
2020-02-26T13:55:40.870Z [info]: 'get' method execute 86.761601 ms
2020-02-26T13:58:00.426Z [info]: Application running on http://localhost:8080
2020-02-26T13:58:11.665Z [error]: "login" is required. "password" is required
2020-02-26T13:58:40.662Z [error]: "login" is required. "password" is required
2020-02-26T13:58:51.246Z [error]: "login" is required. "password" is required
2020-02-26T13:59:04.419Z [error]: "login" is required. "password" is required
2020-02-26T13:59:09.537Z [error]: "login" is required. "password" is required
2020-02-26T13:59:27.476Z [error]: "login" is required. "password" is required
2020-02-26T13:59:33.178Z [error]: "password" with value "1" fails to match the required pattern: /(?=.*[A-Za-z])(?=.*\d)[0-9A-Za-z]{6,}/
2020-02-26T13:59:50.369Z [info]: 'create' method execute 666.2004 ms
2020-02-26T13:59:54.851Z [info]: 'get' method execute 73.988599 ms
2020-02-26T14:09:24.260Z [info]: Application running on http://localhost:8080
2020-02-26T14:09:45.733Z [info]: Application running on http://localhost:8080
2020-02-26T14:11:27.939Z [info]: Application running on http://localhost:8080
2020-02-27T07:33:21.387Z [info]: Application running on http://localhost:8080
2020-02-27T07:33:39.626Z [error]: getUsers(b889f6ee-f86e-464a-867d-75cbed50dc98) - Group not found
2020-02-27T07:33:49.299Z [error]: Invalid Request
